[22:24:32] [Client thread/INFO]: Setting user: Player860
[22:24:42] [Client thread/INFO]: LWJGL Version: 2.9.4
[22:24:49] [Client thread/INFO]: Reloading ResourceManager: Default, FMLFileResourcePack:Forge Mod Loader, FMLFileResourcePack:Minecraft Forge, FMLFileResourcePack:BigTrees
[22:25:26] [Sound Library Loader/INFO]: Starting up SoundSystem...
[22:25:26] [Thread-8/INFO]: Initializing LWJGL OpenAL
[22:25:26] [Thread-8/INFO]: (The LWJGL binding of OpenAL.  For more information, see http://www.lwjgl.org)
[22:25:27] [Thread-8/INFO]: OpenAL initialized.
[22:25:27] [Sound Library Loader/INFO]: Sound engine started
[22:25:41] [Client thread/INFO]: Created: 16x16 textures-atlas
[22:25:45] [Client thread/INFO]: Reloading ResourceManager: Default, FMLFileResourcePack:Forge Mod Loader, FMLFileResourcePack:Minecraft Forge, FMLFileResourcePack:BigTrees
[22:25:52] [Client thread/INFO]: SoundSystem shutting down...
[22:25:52] [Client thread/WARN]: Author: Paul Lamb, www.paulscode.com
[22:25:52] [Sound Library Loader/INFO]: Starting up SoundSystem...
[22:25:53] [Thread-10/INFO]: Initializing LWJGL OpenAL
[22:25:53] [Thread-10/INFO]: (The LWJGL binding of OpenAL.  For more information, see http://www.lwjgl.org)
[22:25:53] [Thread-10/INFO]: OpenAL initialized.
[22:25:53] [Sound Library Loader/INFO]: Sound engine started
[22:26:01] [Client thread/INFO]: Created: 1024x512 textures-atlas
[22:26:07] [Realms Notification Availability checker #1/INFO]: Could not authorize you against Realms server: Invalid session id
[22:26:43] [Server thread/INFO]: Starting integrated minecraft server version 1.10
[22:26:43] [Server thread/INFO]: Generating keypair
[22:26:46] [Server thread/INFO]: Preparing start region for level 0
[22:26:47] [Server thread/INFO]: Preparing spawn area: 0%
[22:26:49] [Server thread/INFO]: Preparing spawn area: 4%
[22:26:50] [Server thread/INFO]: Preparing spawn area: 8%
[22:26:51] [Server thread/INFO]: Preparing spawn area: 14%
[22:26:52] [Server thread/INFO]: Preparing spawn area: 20%
[22:26:53] [Server thread/INFO]: Preparing spawn area: 28%
[22:26:54] [Server thread/INFO]: Preparing spawn area: 38%
[22:26:55] [Server thread/INFO]: Preparing spawn area: 46%
[22:26:56] [Server thread/INFO]: Preparing spawn area: 55%
[22:26:57] [Server thread/INFO]: Preparing spawn area: 63%
[22:26:58] [Server thread/INFO]: Preparing spawn area: 68%
[22:26:59] [Server thread/INFO]: Preparing spawn area: 72%
[22:27:00] [Server thread/INFO]: Preparing spawn area: 76%
[22:27:01] [Server thread/INFO]: Preparing spawn area: 81%
[22:27:02] [Server thread/INFO]: Preparing spawn area: 85%
[22:27:03] [Server thread/INFO]: Preparing spawn area: 89%
[22:27:04] [Server thread/INFO]: Preparing spawn area: 94%
[22:27:05] [Server thread/INFO]: Preparing spawn area: 99%
[22:27:06] [Server thread/INFO]: Changing view distance to 12, from 10
[22:27:09] [Server thread/INFO]: Player860[local:E:39e205a6] logged in with entity id 1411 at (145.5, 64.0, 106.5)
[22:27:09] [Server thread/INFO]: Player860 joined the game
[22:27:12] [pool-2-thread-1/WARN]: Couldn't look up profile properties for com.mojang.authlib.GameProfile@55102470[id=c03da6a3-8a6c-3375-a85a-97a8fae94902,name=Player860,properties={},legacy=false]
com.mojang.authlib.exceptions.AuthenticationException: The client has sent too many requests within a certain amount of time
	at com.mojang.authlib.yggdrasil.YggdrasilAuthenticationService.makeRequest(YggdrasilAuthenticationService.java:65) ~[YggdrasilAuthenticationService.class:?]
	at com.mojang.authlib.yggdrasil.YggdrasilMinecraftSessionService.fillGameProfile(YggdrasilMinecraftSessionService.java:175) [YggdrasilMinecraftSessionService.class:?]
	at com.mojang.authlib.yggdrasil.YggdrasilMinecraftSessionService$1.load(YggdrasilMinecraftSessionService.java:59) [YggdrasilMinecraftSessionService$1.class:?]
	at com.mojang.authlib.yggdrasil.YggdrasilMinecraftSessionService$1.load(YggdrasilMinecraftSessionService.java:56) [YggdrasilMinecraftSessionService$1.class:?]
	at com.google.common.cache.LocalCache$LoadingValueReference.loadFuture(LocalCache.java:3524) [guava-17.0.jar:?]
	at com.google.common.cache.LocalCache$Segment.loadSync(LocalCache.java:2317) [guava-17.0.jar:?]
	at com.google.common.cache.LocalCache$Segment.lockedGetOrLoad(LocalCache.java:2280) [guava-17.0.jar:?]
	at com.google.common.cache.LocalCache$Segment.get(LocalCache.java:2195) [guava-17.0.jar:?]
	at com.google.common.cache.LocalCache.get(LocalCache.java:3934) [guava-17.0.jar:?]
	at com.google.common.cache.LocalCache.getOrLoad(LocalCache.java:3938) [guava-17.0.jar:?]
	at com.google.common.cache.LocalCache$LocalLoadingCache.get(LocalCache.java:4821) [guava-17.0.jar:?]
	at com.google.common.cache.LocalCache$LocalLoadingCache.getUnchecked(LocalCache.java:4827) [guava-17.0.jar:?]
	at com.mojang.authlib.yggdrasil.YggdrasilMinecraftSessionService.fillProfileProperties(YggdrasilMinecraftSessionService.java:165) [YggdrasilMinecraftSessionService.class:?]
	at net.minecraft.client.Minecraft.getProfileProperties(Minecraft.java:3060) [Minecraft.class:?]
	at net.minecraft.client.resources.SkinManager$3.run(SkinManager.java:131) [SkinManager$3.class:?]
	at java.util.concurrent.Executors$RunnableAdapter.call(Executors.java:511) [?:1.8.0_111]
	at java.util.concurrent.FutureTask.run(FutureTask.java:266) [?:1.8.0_111]
	at java.util.concurrent.ThreadPoolExecutor.runWorker(ThreadPoolExecutor.java:1142) [?:1.8.0_111]
	at java.util.concurrent.ThreadPoolExecutor$Worker.run(ThreadPoolExecutor.java:617) [?:1.8.0_111]
	at java.lang.Thread.run(Thread.java:745) [?:1.8.0_111]
[22:27:15] [Server thread/WARN]: Can't keep up! Did the system time change, or is the server overloaded? Running 9463ms behind, skipping 189 tick(s)
[22:27:32] [Server thread/WARN]: Can't keep up! Did the system time change, or is the server overloaded? Running 7277ms behind, skipping 145 tick(s)
[22:27:41] [Server thread/INFO]: Saving and pausing game...
[22:27:41] [Server thread/INFO]: Saving chunks for level 'New World'/Overworld
[22:27:42] [Server thread/INFO]: Saving chunks for level 'New World'/Nether
[22:27:42] [Server thread/INFO]: Saving chunks for level 'New World'/The End
[22:28:25] [Server thread/WARN]: Can't keep up! Did the system time change, or is the server overloaded? Running 2716ms behind, skipping 54 tick(s)
[22:28:56] [Server thread/INFO]: Saving and pausing game...
[22:28:56] [Server thread/INFO]: Saving chunks for level 'New World'/Overworld
[22:28:57] [Server thread/INFO]: Saving chunks for level 'New World'/Nether
[22:28:57] [Server thread/INFO]: Saving chunks for level 'New World'/The End
[22:30:19] [Server thread/WARN]: Can't keep up! Did the system time change, or is the server overloaded? Running 2044ms behind, skipping 40 tick(s)
[22:30:45] [Server thread/INFO]: Player860 has just earned the achievement [Taking Inventory]
[22:30:46] [Client thread/INFO]: [CHAT] Player860 has just earned the achievement [Taking Inventory]
[22:30:46] [Server thread/WARN]: Can't keep up! Did the system time change, or is the server overloaded? Running 2528ms behind, skipping 50 tick(s)
[22:31:10] [Server thread/INFO]: Saving and pausing game...
[22:31:10] [Server thread/INFO]: Saving chunks for level 'New World'/Overworld
[22:31:10] [Server thread/INFO]: Saving chunks for level 'New World'/Nether
[22:31:10] [Server thread/INFO]: Saving chunks for level 'New World'/The End
[22:56:20] [Server thread/INFO]: Saving and pausing game...
[22:56:21] [Server thread/INFO]: Saving chunks for level 'New World'/Overworld
[22:56:21] [Server thread/INFO]: Saving chunks for level 'New World'/Nether
[22:56:21] [Server thread/INFO]: Saving chunks for level 'New World'/The End
[22:57:21] [Server thread/INFO]: Saving and pausing game...
[22:57:21] [Server thread/INFO]: Saving chunks for level 'New World'/Overworld
[22:57:21] [Server thread/INFO]: Saving chunks for level 'New World'/Nether
[22:57:21] [Server thread/INFO]: Saving chunks for level 'New World'/The End
[22:58:33] [Server thread/WARN]: Can't keep up! Did the system time change, or is the server overloaded? Running 2984ms behind, skipping 59 tick(s)
[22:58:53] [Server thread/WARN]: Can't keep up! Did the system time change, or is the server overloaded? Running 3957ms behind, skipping 79 tick(s)
[22:59:19] [Server thread/WARN]: Can't keep up! Did the system time change, or is the server overloaded? Running 2292ms behind, skipping 45 tick(s)
[22:59:29] [Server thread/INFO]: Saving and pausing game...
[22:59:29] [Server thread/INFO]: Saving chunks for level 'New World'/Overworld
[22:59:29] [Server thread/INFO]: Saving chunks for level 'New World'/Nether
[22:59:29] [Server thread/INFO]: Saving chunks for level 'New World'/The End
[23:23:27] [Server thread/WARN]: Can't keep up! Did the system time change, or is the server overloaded? Running 5823ms behind, skipping 116 tick(s)
[23:34:19] [Server thread/INFO]: Saving and pausing game...
[23:34:19] [Server thread/INFO]: Saving chunks for level 'New World'/Overworld
[23:34:19] [Server thread/INFO]: Saving chunks for level 'New World'/Nether
[23:34:20] [Server thread/INFO]: Saving chunks for level 'New World'/The End
[23:34:38] [Server thread/INFO]: Saving and pausing game...
[23:34:38] [Server thread/INFO]: Saving chunks for level 'New World'/Overworld
[23:34:39] [Server thread/INFO]: Saving chunks for level 'New World'/Nether
[23:34:39] [Server thread/INFO]: Saving chunks for level 'New World'/The End
[23:35:54] [Server thread/INFO]: Saving and pausing game...
[23:35:54] [Server thread/INFO]: Saving chunks for level 'New World'/Overworld
[23:35:54] [Server thread/INFO]: Saving chunks for level 'New World'/Nether
[23:35:54] [Server thread/INFO]: Saving chunks for level 'New World'/The End
[23:36:13] [Server thread/INFO]: Saving and pausing game...
[23:36:13] [Server thread/INFO]: Saving chunks for level 'New World'/Overworld
[23:36:13] [Server thread/INFO]: Saving chunks for level 'New World'/Nether
[23:36:13] [Server thread/INFO]: Saving chunks for level 'New World'/The End
[23:37:36] [Server thread/WARN]: Can't keep up! Did the system time change, or is the server overloaded? Running 3791ms behind, skipping 75 tick(s)
[23:38:00] [Server thread/WARN]: Can't keep up! Did the system time change, or is the server overloaded? Running 7538ms behind, skipping 150 tick(s)
[23:38:10] [Server thread/WARN]: Can't keep up! Did the system time change, or is the server overloaded? Running 2447ms behind, skipping 48 tick(s)
[23:38:53] [Server thread/WARN]: Can't keep up! Did the system time change, or is the server overloaded? Running 2346ms behind, skipping 46 tick(s)
[23:39:33] [Server thread/INFO]: Player860 fell out of the world
[23:39:33] [Client thread/INFO]: [CHAT] Player860 fell out of the world
[23:41:22] [Server thread/WARN]: Can't keep up! Did the system time change, or is the server overloaded? Running 7757ms behind, skipping 155 tick(s)
[23:41:58] [Server thread/WARN]: Can't keep up! Did the system time change, or is the server overloaded? Running 17822ms behind, skipping 356 tick(s)
[23:45:13] [Server thread/INFO]: [Player860: Set own game mode to Survival Mode]
[23:45:13] [Client thread/INFO]: [CHAT] Your game mode has been updated to Survival Mode
[23:45:30] [Server thread/INFO]: [Player860: Set own game mode to Creative Mode]
[23:45:30] [Client thread/INFO]: [CHAT] Your game mode has been updated to Creative Mode
[23:45:55] [Server thread/INFO]: [Player860: Set own game mode to Survival Mode]
[23:45:55] [Client thread/INFO]: [CHAT] Your game mode has been updated to Survival Mode
[23:46:12] [Server thread/INFO]: [Player860: Set own game mode to Creative Mode]
[23:46:12] [Client thread/INFO]: [CHAT] Your game mode has been updated to Creative Mode
[23:46:40] [Server thread/INFO]: [Player860: Set own game mode to Survival Mode]
[23:46:40] [Client thread/INFO]: [CHAT] Your game mode has been updated to Survival Mode
[23:47:21] [Server thread/INFO]: [Player860: Set own game mode to Creative Mode]
[23:47:21] [Client thread/INFO]: [CHAT] Your game mode has been updated to Creative Mode
[23:47:23] [Server thread/INFO]: Saving and pausing game...
[23:47:23] [Server thread/INFO]: Saving chunks for level 'New World'/Overworld
[23:47:23] [Server thread/INFO]: Saving chunks for level 'New World'/Nether
[23:47:23] [Server thread/INFO]: Saving chunks for level 'New World'/The End
[23:48:25] [Server thread/INFO]: [Player860: Set own game mode to Survival Mode]
[23:48:25] [Client thread/INFO]: [CHAT] Your game mode has been updated to Survival Mode
[23:48:53] [Server thread/INFO]: [Player860: Set own game mode to Creative Mode]
[23:48:53] [Client thread/INFO]: [CHAT] Your game mode has been updated to Creative Mode
[23:49:35] [Server thread/WARN]: Can't keep up! Did the system time change, or is the server overloaded? Running 2191ms behind, skipping 43 tick(s)
[23:49:51] [Server thread/WARN]: Can't keep up! Did the system time change, or is the server overloaded? Running 2158ms behind, skipping 43 tick(s)
[23:57:09] [Server thread/INFO]: Saving and pausing game...
[23:57:09] [Server thread/INFO]: Saving chunks for level 'New World'/Overworld
[23:57:09] [Server thread/INFO]: Saving chunks for level 'New World'/Nether
[23:57:10] [Server thread/INFO]: Saving chunks for level 'New World'/The End
[23:57:11] [Server thread/INFO]: Stopping server
[23:57:11] [Server thread/INFO]: Saving players
[23:57:11] [Server thread/INFO]: Saving worlds
[23:57:11] [Server thread/INFO]: Saving chunks for level 'New World'/Overworld
[23:57:11] [Server thread/INFO]: Saving chunks for level 'New World'/Nether
[23:57:11] [Server thread/INFO]: Saving chunks for level 'New World'/The End
[23:57:16] [Client thread/INFO]: Stopping!
[23:57:16] [Client thread/INFO]: SoundSystem shutting down...
[23:57:17] [Client thread/WARN]: Author: Paul Lamb, www.paulscode.com
